
all time:80
all time:52
all time:58
all time:29783
Cost too long time, print the origin string....===========
#1
_program
  #1
  _class
    Main
    Object
    "./anattributenamedself.test"
    (
    #1
    _method
      main
      Int
      #1
      _int
        0
      : Int
    )
  #1
  _class
    A
    Object
    "./anattributenamedself.test"
    (
    #1
    _attr
      self
      A
      #1
      _new
        A
      : A
    #1
    _method
      foo
      #1
      _formal
        x
        String
      String
      #1
      _assign
        x
        #1
        _string
          "a boy named sue"
        : String
      : String
    )
===========
all time:68
all time:64
all time:72
all time:47
all time:79
all time:63
all time:53
all time:63
all time:49
all time:80
all time:17913598
Cost too long time, print the origin string....===========
#97
_program
  #76
  _class
    CellularAutomaton
    IO
    "cells.cl.test"
    (
    #6
    _attr
      population_map
      String
      #6
      _no_expr
      : _no_type
    #13
    _method
      init
      #8
      _formal
        map
        String
      SELF_TYPE
      #12
      _block
        #10
        _assign
          population_map
          #10
          _object
            map
          : String
        : String
        #11
        _object
          self
        : SELF_TYPE
      : SELF_TYPE
    #20
    _method
      print
      SELF_TYPE
      #19
      _block
        #17
        _dispatch
          #17
          _object
            self
          : SELF_TYPE
          out_string
          (
          #17
          _dispatch
            #17
            _object
              population_map
            : String
            concat
            (
            #17
            _string
              "\n"
            : String
            )
          : String
          )
        : SELF_TYPE
        #18
        _object
          self
        : SELF_TYPE
      : SELF_TYPE
    #24
    _method
      num_cells
      Int
      #23
      _dispatch
        #23
        _object
          population_map
        : String
        length
        (
        )
      : Int
    #28
    _method
      cell
      #26
      _formal
        position
        Int
      String
      #27
      _dispatch
        #27
        _object
          population_map
        : String
        substr
        (
        #27
        _object
          position
        : Int
        #27
        _int
          1
        : Int
        )
      : String
    #36
    _method
      cell_left_neighbor
      #30
      _formal
        position
        Int
      String
      #35
      _cond
        #31
        _eq
          #31
          _object
            position
          : Int
          #31
          _int
            0
          : Int
        : Bool
        #32
        _dispatch
          #32
          _object
            self
          : SELF_TYPE
          cell
          (
          #32
          _sub
            #32
            _dispatch
              #32
              _object
                self
              : SELF_TYPE
              num_cells
              (
              )
            : Int
            #32
            _int
              1
            : Int
          : Int
          )
        : String
        #34
        _dispatch
          #34
          _object
            self
          : SELF_TYPE
          cell
          (
          #34
          _sub
            #34
            _object
              position
            : Int
            #34
            _int
              1
            : Int
          : Int
          )
        : String
      : String
    #44
    _method
      cell_right_neighbor
      #38
      _formal
        position
        Int
      String
      #43
      _cond
        #39
        _eq
          #39
          _object
            position
          : Int
          #39
          _sub
            #39
            _dispatch
              #39
              _object
                self
              : SELF_TYPE
              num_cells
              (
              )
            : Int
            #39
            _int
              1
            : Int
          : Int
        : Bool
        #40
        _dispatch
          #40
          _object
            self
          : SELF_TYPE
          cell
          (
          #40
          _int
            0
          : Int
          )
        : String
        #42
        _dispatch
          #42
          _object
            self
          : SELF_TYPE
          cell
          (
          #42
          _plus
            #42
            _object
              position
            : Int
            #42
            _int
              1
            : Int
          : Int
          )
        : String
      : String
    #58
    _method
      cell_at_next_evolution
      #48
      _formal
        position
        Int
      String
      #57
      _cond
        #52
        _eq
          #52
          _plus
            #51
            _plus
              #49
              _cond
                #49
                _eq
                  #49
                  _dispatch
                    #49
                    _object
                      self
                    : SELF_TYPE
                    cell
                    (
                    #49
                    _object
                      position
                    : Int
                    )
                  : String
                  #49
                  _string
                    "X"
                  : String
                : Bool
                #49
                _int
                  1
                : Int
                #49
                _int
                  0
                : Int
              : Int
              #50
              _cond
                #50
                _eq
                  #50
                  _dispatch
                    #50
                    _object
                      self
                    : SELF_TYPE
                    cell_left_neighbor
                    (
                    #50
                    _object
                      position
                    : Int
                    )
                  : String
                  #50
                  _string
                    "X"
                  : String
                : Bool
                #50
                _int
                  1
                : Int
                #50
                _int
                  0
                : Int
              : Int
            : Int
            #51
            _cond
              #51
              _eq
                #51
                _dispatch
                  #51
                  _object
                    self
                  : SELF_TYPE
                  cell_right_neighbor
                  (
                  #51
                  _object
                    position
                  : Int
                  )
                : String
                #51
                _string
                  "X"
                : String
              : Bool
              #51
              _int
                1
              : Int
              #51
              _int
                0
              : Int
            : Int
          : Int
          #52
          _int
            1
          : Int
        : Bool
        #54
        _string
          "X"
        : String
        #56
        _string
          "."
        : String
      : String
    #75
    _method
      evolve
      SELF_TYPE
      #74
      _let
        position
        Int
        #61
        _no_expr
        : _no_type
        #74
        _let
          num
          Int
          #62
          _dispatch
            #62
            _object
              self
            : SELF_TYPE
            num_cells
            (
            )
          : Int
          #74
          _let
            temp
            String
            #63
            _no_expr
            : _no_type
            #73
            _block
              #70
              _loop
                #65
                _lt
                  #65
                  _object
                    position
                  : Int
                  #65
                  _object
                    num
                  : Int
                : Bool
                #69
                _block
                  #67
                  _assign
                    temp
                    #67
                    _dispatch
                      #67
                      _object
                        temp
                      : String
                      concat
                      (
                      #67
                      _dispatch
                        #67
                        _object
                          self
                        : SELF_TYPE
                        cell_at_next_evolution
                        (
                        #67
                        _object
                          position
                        : Int
                        )
                      : String
                      )
                    : String
                  : String
                  #68
                  _assign
                    position
                    #68
                    _plus
                      #68
                      _object
                        position
                      : Int
                      #68
                      _int
                        1
                      : Int
                    : Int
                  : Int
                : Int
              : Object
              #71
              _assign
                population_map
                #71
                _object
                  temp
                : String
              : String
              #72
              _object
                self
              : SELF_TYPE
            : SELF_TYPE
          : SELF_TYPE
        : SELF_TYPE
      : SELF_TYPE
    )
  #97
  _class
    Main
    Object
    "cells.cl.test"
    (
    #79
    _attr
      cells
      CellularAutomaton
      #79
      _no_expr
      : _no_type
    #96
    _method
      main
      SELF_TYPE
      #95
      _block
        #83
        _assign
          cells
          #83
          _dispatch
            #83
            _new
              CellularAutomaton
            : CellularAutomaton
            init
            (
            #83
            _string
              "         X         "
            : String
            )
          : CellularAutomaton
        : CellularAutomaton
        #84
        _dispatch
          #84
          _object
            cells
          : CellularAutomaton
          print
          (
          )
        : CellularAutomaton
        #93
        _let
          countdown
          Int
          #85
          _int
            20
          : Int
          #92
          _loop
            #86
            _lt
              #86
              _int
                0
              : Int
              #86
              _object
                countdown
              : Int
            : Bool
            #91
            _block
              #88
              _dispatch
                #88
                _object
                  cells
                : CellularAutomaton
                evolve
                (
                )
              : CellularAutomaton
              #89
              _dispatch
                #89
                _object
                  cells
                : CellularAutomaton
                print
                (
                )
              : CellularAutomaton
              #90
              _assign
                countdown
                #90
                _sub
                  #90
                  _object
                    countdown
                  : Int
                  #90
                  _int
                    1
                  : Int
                : Int
              : Int
            : Int
          : Object
        : Object
        #94
        _object
          self
        : SELF_TYPE
      : SELF_TYPE
    )
===========
all time:29020
Cost too long time, print the origin string....===========
#97
_program
  #76
  _class
    CellularAutomaton
    IO
    "cells.cl.test"
    (
    #6
    _attr
      population_map
      String
      #6
      _no_expr
      : _no_type
    #13
    _method
      init
      #8
      _formal
        map
        String
      SELF_TYPE
      #12
      _block
        #10
        _assign
          population_map
          #10
          _object
            map
          : String
        : String
        #11
        _object
          self
        : SELF_TYPE
      : SELF_TYPE
    #20
    _method
      print
      SELF_TYPE
      #19
      _block
        #17
        _dispatch
          #17
          _object
            self
          : SELF_TYPE
          out_string
          (
          #17
          _dispatch
            #17
            _object
              population_map
            : String
            concat
            (
            #17
            _string
              "\n"
            : String
            )
          : String
          )
        : SELF_TYPE
        #18
        _object
          self
        : SELF_TYPE
      : SELF_TYPE
    #24
    _method
      num_cells
      Int
      #23
      _dispatch
        #23
        _object
          population_map
        : String
        length
        (
        )
      : Int
    #28
    _method
      cell
      #26
      _formal
        position
        Int
      String
      #27
      _dispatch
        #27
        _object
          population_map
        : String
        substr
        (
        #27
        _object
          position
        : Int
        #27
        _int
          1
        : Int
        )
      : String
    #36
    _method
      cell_left_neighbor
      #30
      _formal
        position
        Int
      String
      #35
      _cond
        #31
        _eq
          #31
          _object
            position
          : Int
          #31
          _int
            0
          : Int
        : Bool
        #32
        _dispatch
          #32
          _object
            self
          : SELF_TYPE
          cell
          (
          #32
          _sub
            #32
            _dispatch
              #32
              _object
                self
              : SELF_TYPE
              num_cells
              (
              )
            : Int
            #32
            _int
              1
            : Int
          : Int
          )
        : String
        #34
        _dispatch
          #34
          _object
            self
          : SELF_TYPE
          cell
          (
          #34
          _sub
            #34
            _object
              position
            : Int
            #34
            _int
              1
            : Int
          : Int
          )
        : String
      : String
    #44
    _method
      cell_right_neighbor
      #38
      _formal
        position
        Int
      String
      #43
      _cond
        #39
        _eq
          #39
          _object
            position
          : Int
          #39
          _sub
            #39
            _dispatch
              #39
              _object
                self
              : SELF_TYPE
              num_cells
              (
              )
            : Int
            #39
            _int
              1
            : Int
          : Int
        : Bool
        #40
        _dispatch
          #40
          _object
            self
          : SELF_TYPE
          cell
          (
          #40
          _int
            0
          : Int
          )
        : String
        #42
        _dispatch
          #42
          _object
            self
          : SELF_TYPE
          cell
          (
          #42
          _plus
            #42
            _object
              position
            : Int
            #42
            _int
              1
            : Int
          : Int
          )
        : String
      : String
    #58
    _method
      cell_at_next_evolution
      #48
      _formal
        position
        Int
      String
      #57
      _cond
        #52
        _eq
          #52
          _plus
            #51
            _plus
              #49
              _cond
                #49
                _eq
                  #49
                  _dispatch
                    #49
                    _object
                      self
                    : SELF_TYPE
                    cell
                    (
                    #49
                    _object
                      position
                    : Int
                    )
                  : String
                  #49
                  _string
                    "X"
                  : String
                : Bool
                #49
                _int
                  1
                : Int
                #49
                _int
                  0
                : Int
              : Int
              #50
              _cond
                #50
                _eq
                  #50
                  _dispatch
                    #50
                    _object
                      self
                    : SELF_TYPE
                    cell_left_neighbor
                    (
                    #50
                    _object
                      position
                    : Int
                    )
                  : String
                  #50
                  _string
                    "X"
                  : String
                : Bool
                #50
                _int
                  1
                : Int
                #50
                _int
                  0
                : Int
              : Int
            : Int
            #51
            _cond
              #51
              _eq
                #51
                _dispatch
                  #51
                  _object
                    self
                  : SELF_TYPE
                  cell_right_neighbor
                  (
                  #51
                  _object
                    position
                  : Int
                  )
                : String
                #51
                _string
                  "X"
                : String
              : Bool
              #51
              _int
                1
              : Int
              #51
              _int
                0
              : Int
            : Int
          : Int
          #52
          _int
            1
          : Int
        : Bool
        #54
        _string
          "X"
        : String
        #56
        _string
          "."
        : String
      : String
    #75
    _method
      evolve
      SELF_TYPE
      #74
      _let
        position
        Int
        #61
        _no_expr
        : _no_type
        #74
        _let
          num
          Int
          #62
          _dispatch
            #62
            _object
              self
            : SELF_TYPE
            num_cells
            (
            )
          : Int
          #74
          _let
            temp
            String
            #63
            _no_expr
            : _no_type
            #73
            _block
              #70
              _loop
                #65
                _lt
                  #65
                  _object
                    position
                  : Int
                  #65
                  _object
                    num
                  : Int
                : Bool
                #69
                _block
                  #67
                  _assign
                    temp
                    #67
                    _dispatch
                      #67
                      _object
                        temp
                      : String
                      concat
                      (
                      #67
                      _dispatch
                        #67
                        _object
                          self
                        : SELF_TYPE
                        cell_at_next_evolution
                        (
                        #67
                        _object
                          position
                        : Int
                        )
                      : String
                      )
                    : String
                  : String
                  #68
                  _assign
                    position
                    #68
                    _plus
                      #68
                      _object
                        position
                      : Int
                      #68
                      _int
                        1
                      : Int
                    : Int
                  : Int
                : Int
              : Object
              #71
              _assign
                population_map
                #71
                _object
                  temp
                : String
              : String
              #72
              _object
                self
              : SELF_TYPE
            : SELF_TYPE
          : SELF_TYPE
        : SELF_TYPE
      : SELF_TYPE
    )
  #97
  _class
    Main
    Object
    "cells.cl.test"
    (
    #79
    _attr
      cells
      CellularAutomaton
      #79
      _no_expr
      : _no_type
    #96
    _method
      main
      SELF_TYPE
      #95
      _block
        #83
        _assign
          cells
          #83
          _dispatch
            #83
            _new
              CellularAutomaton
            : CellularAutomaton
            init
            (
            #83
            _string
              "         X         "
            : String
            )
          : CellularAutomaton
        : CellularAutomaton
        #84
        _dispatch
          #84
          _object
            cells
          : CellularAutomaton
          print
          (
          )
        : CellularAutomaton
        #93
        _let
          countdown
          Int
          #85
          _int
            20
          : Int
          #92
          _loop
            #86
            _lt
              #86
              _int
                0
              : Int
              #86
              _object
                countdown
              : Int
            : Bool
            #91
            _block
              #88
              _dispatch
                #88
                _object
                  cells
                : CellularAutomaton
                evolve
                (
                )
              : CellularAutomaton
              #89
              _dispatch
                #89
                _object
                  cells
                : CellularAutomaton
                print
                (
                )
              : CellularAutomaton
              #90
              _assign
                countdown
                #90
                _sub
                  #90
                  _object
                    countdown
                  : Int
                  #90
                  _int
                    1
                  : Int
                : Int
              : Int
            : Int
          : Object
        : Object
        #94
        _object
          self
        : SELF_TYPE
      : SELF_TYPE
    )
===========
all time:105
all time:107
all time:114
all time:104
all time:303
Cost too long time, print the origin string....===========
#97
_program
  #76
  _class
    CellularAutomaton
    IO
    "cells.cl.test"
    (
    #6
    _attr
      population_map
      String
      #6
      _no_expr
      : _no_type
    #13
    _method
      init
      #8
      _formal
        map
        String
      SELF_TYPE
      #12
      _block
        #10
        _assign
          population_map
          #10
          _object
            map
          : String
        : String
        #11
        _object
          self
        : SELF_TYPE
      : SELF_TYPE
    #20
    _method
      print
      SELF_TYPE
      #19
      _block
        #17
        _dispatch
          #17
          _object
            self
          : SELF_TYPE
          out_string
          (
          #17
          _dispatch
            #17
            _object
              population_map
            : String
            concat
            (
            #17
            _string
              "\n"
            : String
            )
          : String
          )
        : SELF_TYPE
        #18
        _object
          self
        : SELF_TYPE
      : SELF_TYPE
    #24
    _method
      num_cells
      Int
      #23
      _dispatch
        #23
        _object
          population_map
        : String
        length
        (
        )
      : Int
    #28
    _method
      cell
      #26
      _formal
        position
        Int
      String
      #27
      _dispatch
        #27
        _object
          population_map
        : String
        substr
        (
        #27
        _object
          position
        : Int
        #27
        _int
          1
        : Int
        )
      : String
    #36
    _method
      cell_left_neighbor
      #30
      _formal
        position
        Int
      String
      #35
      _cond
        #31
        _eq
          #31
          _object
            position
          : Int
          #31
          _int
            0
          : Int
        : Bool
        #32
        _dispatch
          #32
          _object
            self
          : SELF_TYPE
          cell
          (
          #32
          _sub
            #32
            _dispatch
              #32
              _object
                self
              : SELF_TYPE
              num_cells
              (
              )
            : Int
            #32
            _int
              1
            : Int
          : Int
          )
        : String
        #34
        _dispatch
          #34
          _object
            self
          : SELF_TYPE
          cell
          (
          #34
          _sub
            #34
            _object
              position
            : Int
            #34
            _int
              1
            : Int
          : Int
          )
        : String
      : String
    #44
    _method
      cell_right_neighbor
      #38
      _formal
        position
        Int
      String
      #43
      _cond
        #39
        _eq
          #39
          _object
            position
          : Int
          #39
          _sub
            #39
            _dispatch
              #39
              _object
                self
              : SELF_TYPE
              num_cells
              (
              )
            : Int
            #39
            _int
              1
            : Int
          : Int
        : Bool
        #40
        _dispatch
          #40
          _object
            self
          : SELF_TYPE
          cell
          (
          #40
          _int
            0
          : Int
          )
        : String
        #42
        _dispatch
          #42
          _object
            self
          : SELF_TYPE
          cell
          (
          #42
          _plus
            #42
            _object
              position
            : Int
            #42
            _int
              1
            : Int
          : Int
          )
        : String
      : String
    #58
    _method
      cell_at_next_evolution
      #48
      _formal
        position
        Int
      String
      #57
      _cond
        #52
        _eq
          #52
          _plus
            #51
            _plus
              #49
              _cond
                #49
                _eq
                  #49
                  _dispatch
                    #49
                    _object
                      self
                    : SELF_TYPE
                    cell
                    (
                    #49
                    _object
                      position
                    : Int
                    )
                  : String
                  #49
                  _string
                    "X"
                  : String
                : Bool
                #49
                _int
                  1
                : Int
                #49
                _int
                  0
                : Int
              : Int
              #50
              _cond
                #50
                _eq
                  #50
                  _dispatch
                    #50
                    _object
                      self
                    : SELF_TYPE
                    cell_left_neighbor
                    (
                    #50
                    _object
                      position
                    : Int
                    )
                  : String
                  #50
                  _string
                    "X"
                  : String
                : Bool
                #50
                _int
                  1
                : Int
                #50
                _int
                  0
                : Int
              : Int
            : Int
            #51
            _cond
              #51
              _eq
                #51
                _dispatch
                  #51
                  _object
                    self
                  : SELF_TYPE
                  cell_right_neighbor
                  (
                  #51
                  _object
                    position
                  : Int
                  )
                : String
                #51
                _string
                  "X"
                : String
              : Bool
              #51
              _int
                1
              : Int
              #51
              _int
                0
              : Int
            : Int
          : Int
          #52
          _int
            1
          : Int
        : Bool
        #54
        _string
          "X"
        : String
        #56
        _string
          "."
        : String
      : String
    #75
    _method
      evolve
      SELF_TYPE
      #74
      _let
        position
        Int
        #61
        _no_expr
        : _no_type
        #74
        _let
          num
          Int
          #62
          _dispatch
            #62
            _object
              self
            : SELF_TYPE
            num_cells
            (
            )
          : Int
          #74
          _let
            temp
            String
            #63
            _no_expr
            : _no_type
            #73
            _block
              #70
              _loop
                #65
                _lt
                  #65
                  _object
                    position
                  : Int
                  #65
                  _object
                    num
                  : Int
                : Bool
                #69
                _block
                  #67
                  _assign
                    temp
                    #67
                    _dispatch
                      #67
                      _object
                        temp
                      : String
                      concat
                      (
                      #67
                      _dispatch
                        #67
                        _object
                          self
                        : SELF_TYPE
                        cell_at_next_evolution
                        (
                        #67
                        _object
                          position
                        : Int
                        )
                      : String
                      )
                    : String
                  : String
                  #68
                  _assign
                    position
                    #68
                    _plus
                      #68
                      _object
                        position
                      : Int
                      #68
                      _int
                        1
                      : Int
                    : Int
                  : Int
                : Int
              : Object
              #71
              _assign
                population_map
                #71
                _object
                  temp
                : String
              : String
              #72
              _object
                self
              : SELF_TYPE
            : SELF_TYPE
          : SELF_TYPE
        : SELF_TYPE
      : SELF_TYPE
    )
  #97
  _class
    Main
    Object
    "cells.cl.test"
    (
    #79
    _attr
      cells
      CellularAutomaton
      #79
      _no_expr
      : _no_type
    #96
    _method
      main
      SELF_TYPE
      #95
      _block
        #83
        _assign
          cells
          #83
          _dispatch
            #83
            _new
              CellularAutomaton
            : CellularAutomaton
            init
            (
            #83
            _string
              "         X         "
            : String
            )
          : CellularAutomaton
        : CellularAutomaton
        #84
        _dispatch
          #84
          _object
            cells
          : CellularAutomaton
          print
          (
          )
        : CellularAutomaton
        #93
        _let
          countdown
          Int
          #85
          _int
            20
          : Int
          #92
          _loop
            #86
            _lt
              #86
              _int
                0
              : Int
              #86
              _object
                countdown
              : Int
            : Bool
            #91
            _block
              #88
              _dispatch
                #88
                _object
                  cells
                : CellularAutomaton
                evolve
                (
                )
              : CellularAutomaton
              #89
              _dispatch
                #89
                _object
                  cells
                : CellularAutomaton
                print
                (
                )
              : CellularAutomaton
              #90
              _assign
                countdown
                #90
                _sub
                  #90
                  _object
                    countdown
                  : Int
                  #90
                  _int
                    1
                  : Int
                : Int
              : Int
            : Int
          : Object
        : Object
        #94
        _object
          self
        : SELF_TYPE
      : SELF_TYPE
    )
===========
all time:86
all time:94
all time:95
all time:110
all time:54
all time:62
all time:364381
Cost too long time, print the origin string....===========
#97
_program
  #76
  _class
    CellularAutomaton
    IO
    "cells.cl.test"
    (
    #6
    _attr
      population_map
      String
      #6
      _no_expr
      : _no_type
    #13
    _method
      init
      #8
      _formal
        map
        String
      SELF_TYPE
      #12
      _block
        #10
        _assign
          population_map
          #10
          _object
            map
          : String
        : String
        #11
        _object
          self
        : SELF_TYPE
      : SELF_TYPE
    #20
    _method
      print
      SELF_TYPE
      #19
      _block
        #17
        _dispatch
          #17
          _object
            self
          : SELF_TYPE
          out_string
          (
          #17
          _dispatch
            #17
            _object
              population_map
            : String
            concat
            (
            #17
            _string
              "\n"
            : String
            )
          : String
          )
        : SELF_TYPE
        #18
        _object
          self
        : SELF_TYPE
      : SELF_TYPE
    #24
    _method
      num_cells
      Int
      #23
      _dispatch
        #23
        _object
          population_map
        : String
        length
        (
        )
      : Int
    #28
    _method
      cell
      #26
      _formal
        position
        Int
      String
      #27
      _dispatch
        #27
        _object
          population_map
        : String
        substr
        (
        #27
        _object
          position
        : Int
        #27
        _int
          1
        : Int
        )
      : String
    #36
    _method
      cell_left_neighbor
      #30
      _formal
        position
        Int
      String
      #35
      _cond
        #31
        _eq
          #31
          _object
            position
          : Int
          #31
          _int
            0
          : Int
        : Bool
        #32
        _dispatch
          #32
          _object
            self
          : SELF_TYPE
          cell
          (
          #32
          _sub
            #32
            _dispatch
              #32
              _object
                self
              : SELF_TYPE
              num_cells
              (
              )
            : Int
            #32
            _int
              1
            : Int
          : Int
          )
        : String
        #34
        _dispatch
          #34
          _object
            self
          : SELF_TYPE
          cell
          (
          #34
          _sub
            #34
            _object
              position
            : Int
            #34
            _int
              1
            : Int
          : Int
          )
        : String
      : String
    #44
    _method
      cell_right_neighbor
      #38
      _formal
        position
        Int
      String
      #43
      _cond
        #39
        _eq
          #39
          _object
            position
          : Int
          #39
          _sub
            #39
            _dispatch
              #39
              _object
                self
              : SELF_TYPE
              num_cells
              (
              )
            : Int
            #39
            _int
              1
            : Int
          : Int
        : Bool
        #40
        _dispatch
          #40
          _object
            self
          : SELF_TYPE
          cell
          (
          #40
          _int
            0
          : Int
          )
        : String
        #42
        _dispatch
          #42
          _object
            self
          : SELF_TYPE
          cell
          (
          #42
          _plus
            #42
            _object
              position
            : Int
            #42
            _int
              1
            : Int
          : Int
          )
        : String
      : String
    #58
    _method
      cell_at_next_evolution
      #48
      _formal
        position
        Int
      String
      #57
      _cond
        #52
        _eq
          #52
          _plus
            #51
            _plus
              #49
              _cond
                #49
                _eq
                  #49
                  _dispatch
                    #49
                    _object
                      self
                    : SELF_TYPE
                    cell
                    (
                    #49
                    _object
                      position
                    : Int
                    )
                  : String
                  #49
                  _string
                    "X"
                  : String
                : Bool
                #49
                _int
                  1
                : Int
                #49
                _int
                  0
                : Int
              : Int
              #50
              _cond
                #50
                _eq
                  #50
                  _dispatch
                    #50
                    _object
                      self
                    : SELF_TYPE
                    cell_left_neighbor
                    (
                    #50
                    _object
                      position
                    : Int
                    )
                  : String
                  #50
                  _string
                    "X"
                  : String
                : Bool
                #50
                _int
                  1
                : Int
                #50
                _int
                  0
                : Int
              : Int
            : Int
            #51
            _cond
              #51
              _eq
                #51
                _dispatch
                  #51
                  _object
                    self
                  : SELF_TYPE
                  cell_right_neighbor
                  (
                  #51
                  _object
                    position
                  : Int
                  )
                : String
                #51
                _string
                  "X"
                : String
              : Bool
              #51
              _int
                1
              : Int
              #51
              _int
                0
              : Int
            : Int
          : Int
          #52
          _int
            1
          : Int
        : Bool
        #54
        _string
          "X"
        : String
        #56
        _string
          "."
        : String
      : String
    #75
    _method
      evolve
      SELF_TYPE
      #74
      _let
        position
        Int
        #61
        _no_expr
        : _no_type
        #74
        _let
          num
          Int
          #62
          _dispatch
            #62
            _object
              self
            : SELF_TYPE
            num_cells
            (
            )
          : Int
          #74
          _let
            temp
            String
            #63
            _no_expr
            : _no_type
            #73
            _block
              #70
              _loop
                #65
                _lt
                  #65
                  _object
                    position
                  : Int
                  #65
                  _object
                    num
                  : Int
                : Bool
                #69
                _block
                  #67
                  _assign
                    temp
                    #67
                    _dispatch
                      #67
                      _object
                        temp
                      : String
                      concat
                      (
                      #67
                      _dispatch
                        #67
                        _object
                          self
                        : SELF_TYPE
                        cell_at_next_evolution
                        (
                        #67
                        _object
                          position
    all time:90
all time:118
all time:51
all time:34
all time:23394
Cost too long time, print the origin string....===========
#1
_program
  #1
  _class
    Main
    Object
    "grading/badargs1.test"
    (
    #1
    _method
      main
      Object
      #1
      _int
        0
      : _no_type
    )
  #1
  _class
    A
    Object
    "grading/badargs1.test"
    (
    #1
    _method
      bar
      Object
      #1
      _dispatch
        #1
        _new
          B
        : _no_type
        foo
        (
        #1
        _object
          self
        : _no_type
        #1
        _int
          29
        : _no_type
        )
      : _no_type
    )
  #1
  _class
    B
    A
    "grading/badargs1.test"
    (
    #1
    _method
      foo
      #1
      _formal
        b
        B
      #1
      _formal
        x
        Int
      String
      #1
      _string
        "moo"
      : _no_type
    )
===========
all time:57
all time:71
all time:113
all time:52
all time:115
all time:55
all time:77
all time:41
all time:50777
Cost too long time, print the origin string....===========
#6
_program
  #6
  _class
    Main
    IO
    "initwithself.test"
    (
    #2
    _attr
      x
      Main
      #2
      _object
        self
      : SELF_TYPE
    #5
    _method
      main
      Object
      #5
      _block
        #4
        _object
          self
        : SELF_TYPE
      : SELF_TYPE
    )===========
all time:49
all time:71
all time:15975
Cost too long time, print the origin string....===========
#6
_program
  #6
  _class
    Main
    IO
    "initwithself.test"
    (
    #2
    _attr
      x
      Main
      #2
      _object
        self
      : SELF_TYPE
    #5
    _method
      main
      Object
      #5
      _block
        #4
        _object
          self
        : SELF_TYPE
      : SELF_TYPE
    )===========
all time:37
all time:118340
Cost too long time, print the origin string....===========
#7
_program
  #7
  _class
    Main
    IO
    "letselftype.test"
    (
    #6
    _method
      main
      Object
      #6
      _block
        #5
        _let
          y
          SELF_TYPE
          #4
          _let
            x
            SELF_TYPE
            #4
            _no_expr
            : _no_type
            #4
            _object
              x
            : SELF_TYPE
          : SELF_TYPE
          #5
          _object
            y
          : SELF_TYPE
        : SELF_TYPE
      : SELF_TYPE
    )===========
all time:87
all time:80
all time:64
all time:46
all time:62
all time:104
all time:35
all time:51
all time:2639
Cost too long time, print the origin string....===========
#1
_program
  #1
  _class
    Main
    Object
    "grading/missingclass.test"
    (
    #1
    _method
      main
      Int
      #1
      _int
        0
      : _no_type
    )
  #1
  _class
    A
    D
    "grading/missingclass.test"
    (
    #1
    _method
      foo
      #1
      _formal
        x
        Int
      Object
      #1
      _int
        5
      : _no_type
    )
===========
all time:63
all time:70
all time:78
all time:54
all time:59957
Cost too long time, print the origin string....===========
#9
_program
  #1
  _class
    Main
    Object
    "overriderenamearg.test"
    (
    #1
    _method
      main
      Int
      #1
      _int
        0
      : Int
    )
  #5
  _class
    D
    Object
    "overriderenamearg.test"
    (
    #4
    _method
      inky
      #4
      _formal
        b
        Int
      Object
      #4
      _int
        1
      : Int
    )
  #9
  _class
    E
    D
    "overriderenamearg.test"
    (
    #8
    _method
      inky
      #8
      _formal
        c
        Int
      Object
      #8
      _int
        1
      : Int
    )
===========
all time:65
all time:62
all time:53
all time:32
all time:170419
Cost too long time, print the origin string....===========
#1
_program
  #1
  _class
    Main
    Object
    "grading/returntypenoexist.test"
    (
    #1
    _method
      main
      PinkElephant
      #1
      _new
        PinkElephant
      : _no_type
    )
===========
all time:224747
Cost too long time, print the origin string....===========
#1
_program
  #1
  _class
    Main
    Object
    "grading/returntypenoexist.test"
    (
    #1
    _method
      main
      PinkElephant
      #1
      _new
        PinkElephant
      : _no_type
    )
===========
all time:55
all time:67
all time:80
all time:23066
Cost too long time, print the origin string....===========
#1
_program
  #1
  _class
    Main
    Object
    "grading/self-assignment.test"
    (
    #1
    _method
      main
      Int
      #1
      _int
        0
      : _no_type
    )
  #1
  _class
    A
    Object
    "grading/self-assignment.test"
    (
    #1
    _attr
      x
      A
      #1
      _object
        self
      : _no_type
    #1
    _method
      foo
      #1
      _formal
        x
        A
      A
      #1
      _assign
        self
        #1
        _dispatch
          #1
          _object
            self
          : _no_type
          copy
          (
          )
        : _no_type
      : _no_type
    )
===========
all time:59
all time:4744
Cost too long time, print the origin string....===========
#1
_program
  #1
  _class
    Main
    Object
    "grading/self-assignment.test"
    (
    #1
    _method
      main
      Int
      #1
      _int
        0
      : _no_type
    )
  #1
  _class
    A
    Object
    "grading/self-assignment.test"
    (
    #1
    _attr
      x
      A
      #1
      _object
        self
      : _no_type
    #1
    _method
      foo
      #1
      _formal
        x
        A
      A
      #1
      _assign
        self
        #1
        _dispatch
          #1
          _object
            self
          : _no_type
          copy
          (
          )
        : _no_type
      : _no_type
    )
===========
all time:52
all time:67
all time:50
all time:96
all time:87
all time:4134
Cost too long time, print the origin string....===========
#97
_program
  #76
  _class
    CellularAutomaton
    IO
    "cells.cl.test"
    (
    #6
    _attr
      population_map
      String
      #6
      _no_expr
      : _no_type
    #13
    _method
      init
      #8
      _formal
        map
        String
      SELF_TYPE
      #12
      _block
        #10
        _assign
          population_map
          #10
          _object
            map
          : String
        : String
        #11
        _object
          self
        : SELF_TYPE
      : SELF_TYPE
    #20
    _method
      print
      SELF_TYPE
      #19
      _block
        #17
        _dispatch
          #17
          _object
            self
          : SELF_TYPE
          out_string
          (
          #17
          _dispatch
            #17
            _object
              population_map
            : String
            concat
            (
            #17
            _string
              "\n"
            : String
            )
          : String
          )
        : SELF_TYPE
        #18
        _object
          self
        : SELF_TYPE
      : SELF_TYPE
    #24
    _method
      num_cells
      Int
      #23
      _dispatch
        #23
        _object
          population_map
        : String
        length
        (
        )
      : Int
    #28
    _method
      cell
      #26
      _formal
        position
        Int
      String
      #27
      _dispatch
        #27
        _object
          population_map
        : String
        substr
        (
        #27
        _object
          position
        : Int
        #27
        _int
          1
        : Int
        )
      : String
    #36
    _method
      cell_left_neighbor
      #30
      _formal
        position
        Int
      String
      #35
      _cond
        #31
        _eq
          #31
          _object
            position
          : Int
          #31
          _int
            0
          : Int
        : Bool
        #32
        _dispatch
          #32
          _object
            self
          : SELF_TYPE
          cell
          (
          #32
          _sub
            #32
            _dispatch
              #32
              _object
                self
              : SELF_TYPE
              num_cells
              (
              )
            : Int
            #32
            _int
              1
            : Int
          : Int
          )
        : String
        #34
        _dispatch
          #34
          _object
            self
          : SELF_TYPE
          cell
          (
          #34
          _sub
            #34
            _object
              position
            : Int
            #34
            _int
              1
            : Int
          : Int
          )
        : String
      : String
    #44
    _method
      cell_right_neighbor
      #38
      _formal
        position
        Int
      String
      #43
      _cond
        #39
        _eq
          #39
          _object
            position
          : Int
          #39
          _sub
            #39
            _dispatch
              #39
              _object
                self
              : SELF_TYPE
              num_cells
              (
              )
            : Int
            #39
            _int
              1
            : Int
          : Int
        : Bool
        #40
        _dispatch
          #40
          _object
            self
          : SELF_TYPE
          cell
          (
          #40
          _int
            0
          : Int
          )
        : String
        #42
        _dispatch
          #42
          _object
            self
          : SELF_TYPE
          cell
          (
          #42
          _plus
            #42
            _object
              position
            : Int
            #42
            _int
              1
            : Int
          : Int
          )
        : String
      : String
    #58
    _method
      cell_at_next_evolution
      #48
      _formal
        position
        Int
      String
      #57
      _cond
        #52
        _eq
          #52
          _plus
            #51
            _plus
              #49
              _cond
                #49
                _eq
                  #49
                  _dispatch
                    #49
                    _object
                      self
                    : SELF_TYPE
                    cell
                    (
                    #49
                    _object
                      position
                    : Int
                    )
                  : String
                  #49
                  _string
                    "X"
                  : String
                : Bool
                #49
                _int
                  1
                : Int
                #49
                _int
                  0
                : Int
              : Int
              #50
              _cond
                #50
                _eq
                  #50
                  _dispatch
                    #50
                    _object
                      self
                    : SELF_TYPE
                    cell_left_neighbor
                    (
                    #50
                    _object
                      position
                    : Int
                    )
                  : String
                  #50
                  _string
                    "X"
                  : String
                : Bool
                #50
                _int
                  1
                : Int
                #50
                _int
                  0
                : Int
              : Int
            : Int
            #51
            _cond
              #51
              _eq
                #51
                _dispatch
                  #51
                  _object
                    self
                  : SELF_TYPE
                  cell_right_neighbor
                  (
                  #51
                  _object
                    position
                  : Int
                  )
                : String
                #51
                _string
                  "X"
                : String
              : Bool
              #51
              _int
                1
              : Int
              #51
              _int
                0
              : Int
            : Int
          : Int
          #52
          _int
            1
          : Int
        : Bool
        #54
        _string
          "X"
        : String
        #56
        _string
          "."
        : String
      : String
    #75
    _method
      evolve
      SELF_TYPE
      #74
      _let
        position
        Int
        #61
        _no_expr
        : _no_type
        #74
        _let
          num
          Int
          #62
          _dispatch
            #62
            _object
              self
            : SELF_TYPE
            num_cells
            (
            )
          : Int
          #74
          _let
            temp
            String
            #63
            _no_expr
            : _no_type
            #73
            _block
              #70
              _loop
                #65
                _lt
                  #65
                  _object
                    position
                  : Int
                  #65
                  _object
                    num
                  : Int
                : Bool
                #69
                _block
                  #67
                  _assign
                    temp
                    #67
                    _dispatch
                      #67
                      _object
                        temp
                      : String
                      concat
                      (
                      #67
                      _dispatch
                        #67
                        _object
                          self
                        : SELF_TYPE
                        cell_at_next_evolution
                        (
                        #67
                        _object
                          position
                        : Int
                        )
                      : String
                      )
                    : String
                  : String
                  #68
                  _assign
                    position
                    #68
                    _plus
                      #68
                      _object
                        position
                      : Int
                      #68
                      _int
                        1
                      : Int
                    : Int
                  : Int
                : Int
              : Object
              #71
              _assign
                population_map
                #71
                _object
                  temp
                : String
              : String
              #72
              _object
                self
              : SELF_TYPE
            : SELF_TYPE
          : SELF_TYPE
        : SELF_TYPE
      : SELF_TYPE
    )
  #97
  _class
    Main
    Object
    "cells.cl.test"
    (
    #79
    _attr
      cells
      CellularAutomaton
      #79
      _no_expr
      : _no_type
    #96
    _method
      main
      SELF_TYPE
      #95
      _block
        #83
        _assign
          cells
          #83
          _dispatch
            #83
            _new
              CellularAutomaton
            : CellularAutomaton
            init
            (
            #83
            _string
              "         X         "
            : String
            )
          : CellularAutomaton
        : CellularAutomaton
        #84
        _dispatch
          #84
          _object
            cells
          : CellularAutomaton
          print
          (
          )
        : CellularAutomaton
        #93
        _let
          countdown
          Int
          #85
          _int
            20
          : Int
          #92
          _loop
            #86
            _lt
              #86
              _int
                0
              : Int
              #86
              _object
                countdown
              : Int
            : Bool
            #91
            _block
              #88
              _dispatch
                #88
                _object
                  cells
                : CellularAutomaton
                evolve
                (
                )
              : CellularAutomaton
              #89
              _dispatch
                #89
                _object
                  cells
                : CellularAutomaton
                print
                (
                )
              : CellularAutomaton
              #90
              _assign
                countdown
                #90
                _sub
                  #90
                  _object
                    countdown
                  : Int
                  #90
                  _int
                    1
                  : Int
                : Int
              : Int
            : Int
          : Object
        : Object
        #94
        _object
          self
        : SELF_TYPE
      : SELF_TYPE
    )
===========
all time:46
all time:104
all time:110
all time:69
all time:48
